<?xml version="1.0" encoding="UTF-8"?>
<testsuite name="it.uniba.sotorrent.soqueries.test.QueryTest" tests="5" skipped="0" failures="0" errors="0" timestamp="2019-06-03T10:58:22" hostname="LAPTOP-155BODB5" time="0.005">
  <properties/>
  <testcase name="testGetGroup()" classname="it.uniba.sotorrent.soqueries.test.QueryTest" time="0.0"/>
  <testcase name="testGetLimit()" classname="it.uniba.sotorrent.soqueries.test.QueryTest" time="0.0"/>
  <testcase name="testGetOrder()" classname="it.uniba.sotorrent.soqueries.test.QueryTest" time="0.0"/>
  <testcase name="testGetWhere()" classname="it.uniba.sotorrent.soqueries.test.QueryTest" time="0.0"/>
  <testcase name="testGetFrom()" classname="it.uniba.sotorrent.soqueries.test.QueryTest" time="0.001"/>
  <system-out><![CDATA[]]></system-out>
  <system-err><![CDATA[]]></system-err>
</testsuite>
