<?xml version="1.0" encoding="UTF-8"?>
<testsuite name="it.uniba.sotorrent.cliparse.test.CLItoParametersTest" tests="1" skipped="0" failures="0" errors="0" timestamp="2019-06-03T10:57:56" hostname="LAPTOP-155BODB5" time="0.014">
  <properties/>
  <testcase name="test()" classname="it.uniba.sotorrent.cliparse.test.CLItoParametersTest" time="0.014"/>
  <system-out><![CDATA[]]></system-out>
  <system-err><![CDATA[]]></system-err>
</testsuite>
