<?xml version="1.0" encoding="UTF-8"?>
<testsuite name="it.uniba.sotorrent.googleutils.test.GoogleBigQueryUtilsTest" tests="2" skipped="0" failures="0" errors="0" timestamp="2019-06-03T10:58:00" hostname="LAPTOP-155BODB5" time="6.805">
  <properties/>
  <testcase name="testGetResults()" classname="it.uniba.sotorrent.googleutils.test.GoogleBigQueryUtilsTest" time="2.603"/>
  <testcase name="testRunQuery()" classname="it.uniba.sotorrent.googleutils.test.GoogleBigQueryUtilsTest" time="4.202"/>
  <system-out><![CDATA[owner_user_id: 13 		
owner_user_id: 371 		
owner_user_id: 476 		
owner_user_id: 700 		
owner_user_id: 806 		
owner_user_id: 1114 		
owner_user_id: 1190 		
owner_user_id: 1288 		
owner_user_id: 1354 		
owner_user_id: 1363 		
owner_user_id: 1659 		
owner_user_id: 1771 		
owner_user_id: 1904 		
owner_user_id: 1942 		
owner_user_id: 2010 		
owner_user_id: 2039 		
owner_user_id: 2080 		
owner_user_id: 2291 		
owner_user_id: 2464 		
owner_user_id: 2543 		
owner_user_id: 2596 		
owner_user_id: 2749 		
owner_user_id: 2788 		
owner_user_id: 2954 		
owner_user_id: 2988 		
owner_user_id: 3043 		
owner_user_id: 3095 		
owner_user_id: 3175 		
owner_user_id: 3458 		
owner_user_id: 3474 		
owner_user_id: 3848 		
owner_user_id: 3937 		
owner_user_id: 3973 		
owner_user_id: 4389 		
owner_user_id: 4411 		
owner_user_id: 4510 		
owner_user_id: 4572 		
owner_user_id: 4600 		
owner_user_id: 4833 		
owner_user_id: 4879 		
owner_user_id: 5056 		
owner_user_id: 5076 		
owner_user_id: 5144 		
owner_user_id: 5921 		
owner_user_id: 6144 		
owner_user_id: 6236 		
owner_user_id: 6244 		
owner_user_id: 6309 		
owner_user_id: 6509 		
owner_user_id: 6682 		
owner_user_id: 6782 		
owner_user_id: 6850 		
owner_user_id: 6950 		
owner_user_id: 6970 		
owner_user_id: 7255 		
owner_user_id: 7469 		
owner_user_id: 7512 		
owner_user_id: 7552 		
owner_user_id: 7585 		
owner_user_id: 7966 		
owner_user_id: 8026 		
owner_user_id: 8261 		
owner_user_id: 8279 		
owner_user_id: 8338 		
owner_user_id: 8559 		
owner_user_id: 8563 		
owner_user_id: 9204 		
owner_user_id: 9292 		
owner_user_id: 9311 		
owner_user_id: 9422 		
owner_user_id: 9440 		
owner_user_id: 9922 		
owner_user_id: 9950 		
owner_user_id: 10093 		
owner_user_id: 10165 		
owner_user_id: 10397 		
owner_user_id: 10431 		
owner_user_id: 10508 		
owner_user_id: 10659 		
owner_user_id: 10973 		
owner_user_id: 11051 		
owner_user_id: 11092 		
owner_user_id: 11182 		
owner_user_id: 11197 		
owner_user_id: 11208 		
owner_user_id: 11249 		
owner_user_id: 11543 		
owner_user_id: 11574 		
owner_user_id: 11612 		
owner_user_id: 11619 		
owner_user_id: 11654 		
owner_user_id: 11662 		
owner_user_id: 11699 		
owner_user_id: 11828 		
owner_user_id: 11912 		
owner_user_id: 12039 		
owner_user_id: 12096 		
owner_user_id: 12388 		
owner_user_id: 12502 		
owner_user_id: 12597 		
test
owner_user_id: 13 		
owner_user_id: 371 		
owner_user_id: 476 		
owner_user_id: 700 		
owner_user_id: 806 		
owner_user_id: 1114 		
owner_user_id: 1190 		
owner_user_id: 1288 		
owner_user_id: 1354 		
owner_user_id: 1363 		
owner_user_id: 1659 		
owner_user_id: 1771 		
owner_user_id: 1904 		
owner_user_id: 1942 		
owner_user_id: 2010 		
owner_user_id: 2039 		
owner_user_id: 2080 		
owner_user_id: 2291 		
owner_user_id: 2464 		
owner_user_id: 2543 		
owner_user_id: 2596 		
owner_user_id: 2749 		
owner_user_id: 2788 		
owner_user_id: 2954 		
owner_user_id: 2988 		
owner_user_id: 3043 		
owner_user_id: 3095 		
owner_user_id: 3175 		
owner_user_id: 3458 		
owner_user_id: 3474 		
owner_user_id: 3848 		
owner_user_id: 3937 		
owner_user_id: 3973 		
owner_user_id: 4389 		
owner_user_id: 4411 		
owner_user_id: 4510 		
owner_user_id: 4572 		
owner_user_id: 4600 		
owner_user_id: 4833 		
owner_user_id: 4879 		
owner_user_id: 5056 		
owner_user_id: 5076 		
owner_user_id: 5144 		
owner_user_id: 5921 		
owner_user_id: 6144 		
owner_user_id: 6236 		
owner_user_id: 6244 		
owner_user_id: 6309 		
owner_user_id: 6509 		
owner_user_id: 6682 		
owner_user_id: 6782 		
owner_user_id: 6850 		
owner_user_id: 6950 		
owner_user_id: 6970 		
owner_user_id: 7255 		
owner_user_id: 7469 		
owner_user_id: 7512 		
owner_user_id: 7552 		
owner_user_id: 7585 		
owner_user_id: 7966 		
owner_user_id: 8026 		
owner_user_id: 8261 		
owner_user_id: 8279 		
owner_user_id: 8338 		
owner_user_id: 8559 		
owner_user_id: 8563 		
owner_user_id: 9204 		
owner_user_id: 9292 		
owner_user_id: 9311 		
owner_user_id: 9422 		
owner_user_id: 9440 		
owner_user_id: 9922 		
owner_user_id: 9950 		
owner_user_id: 10093 		
owner_user_id: 10165 		
owner_user_id: 10397 		
owner_user_id: 10431 		
owner_user_id: 10508 		
owner_user_id: 10659 		
owner_user_id: 10973 		
owner_user_id: 11051 		
owner_user_id: 11092 		
owner_user_id: 11182 		
owner_user_id: 11197 		
owner_user_id: 11208 		
owner_user_id: 11249 		
owner_user_id: 11543 		
owner_user_id: 11574 		
owner_user_id: 11612 		
owner_user_id: 11619 		
owner_user_id: 11654 		
owner_user_id: 11662 		
owner_user_id: 11699 		
owner_user_id: 11828 		
owner_user_id: 11912 		
owner_user_id: 12039 		
owner_user_id: 12096 		
owner_user_id: 12388 		
owner_user_id: 12502 		
owner_user_id: 12597 		
]]></system-out>
  <system-err><![CDATA[]]></system-err>
</testsuite>
